<atlassian-plugin key="test:bad" name="Bad Plugin Key" />