<atlassian-plugin key="test:bad" name="Bad Plugin Key" >
    <plugin-info />

</atlassian-plugin>