<atlassian-plugin key="test.bad.plugin" name="Bad Plugin">
    <mineral key="gold" name="Bar" class="com.doesnt.exist">
        <weight>20</weight>
    </mineral>
</atlassian-plugin>