<atlassian-plugin name="Test Plugin" i18n-name-key="test.atlassian.plugin.i18n" key="test.atlassian.plugin">
    <plugin-info>
        <description key="test.atlassian.plugin.desc.i18n">This plugin descriptor is just used for test purposes!</description>
        <version>1.0</version>
        <application-version min="3.0" max="3.1" />
        <vendor name="Atlassian Software Systems Pty Ltd" url="http://www.atlassian.com" />
        <param name="arbitrary.parameter">Adrien</param>
    </plugin-info>
    
    <!-- This plugin tests that plugin points are loaded properly -->
    
    
    <!--  Define a plugin point -->
    <!-- <module-type key="my-plugin-point" class="com.atlassian.plugin.descriptors.MyPluginPoint"  /> -->


    <!-- Use the plugin point -->
    <book key="book1">
        <title>Fighting With Bears</title>
    </book>
    
    <book key="book2" class="com.atlassian.plugin.descriptors.Book2" />
    
</atlassian-plugin>