<atlassian-plugin name="Test Plugin" i18n-name-key="test.atlassian.plugin.i18n" key="test.atlassian.plugin">
    <plugin-info>
        <description key="test.atlassian.plugin.desc.i18n">This plugin descriptor is just used for test purposes!</description>
        <version>1.0</version>
        <application-version min="3.0" max="3.1" />
        <vendor name="Atlassian Software Systems Pty Ltd" url="http://www.atlassian.com" />
        <param name="arbitrary.parameter">Adrien</param>
    </plugin-info>

    <!-- This plugin tests that plugin points are loaded properly -->


    <!-- Define a plugin point -->
    <!-- This is defined in TestPluginPointModuleDescriptor: <module-type key="book" class="com.atlassian.plugin.descriptors.MyPluginPoint"  /> -->


    <!-- Use the plugin point -->
    <book2 key="fwg" name="My First Book" i18n-name-key="my-first-book" state="enabled">
        <title>Fighting With Goats</title>
        <description key="my-first-book-description">An awesome tale about goats, blades, and chutney.</description>
        <java-version min="5" />
    </book2>

    <book2 key="no-goats" />

</atlassian-plugin>