<atlassian-plugin key="test.atlassian.plugin" name="Test Plugin">
    <description>This plugin descriptor is just used for test purposes!</description>

    <animal key="bear" name="Bear Animal" class="com.atlassian.plugin.mock.MockBear">
        <description>A plugin module to describe a bear</description>

        <param name="height" value="20" />
        <param name="colour">brown</param>

        <resource type="velocity" name="view" location="/bear/display.vm" />
        <resource type="velocity" name="search" location="/bear/display.vm" />
        <resource type="velocity" name="edit">Show an input box here.</resource>
    </animal>

    <mineral key="gold" name="Bar" class="com.atlassian.plugin.mock.MockGold">
        <weight>20</weight>
    </mineral>
</atlassian-plugin>