<atlassian-plugin key="test.disabled.plugin" name="Disabled Plugin" state="disabled">
    <plugin-info />
</atlassian-plugin>