<atlassian-plugin key="test.disabled.plugin" name="Disabled Plugin" state="disabled">
</atlassian-plugin>