<atlassian-plugin key="test.bad.plugin" name="Bad Plugin">
    <unknown-plugin />
</atlassian-plugin>