<atlassian-plugin key="test.bad.plugin" name="Test Plugin">
    <plugin-info />

    <animal key="bear" name="Bear Animal" class="com.atlassian.plugin.mock.MockBear" />
    <mineral key="bear" name="Bar" class="com.atlassian.plugin.mock.MockGold" />
</atlassian-plugin>